Flutter crash report.
Please report a bug at https://github.com/flutter/flutter/issues.

## command

flutter run --profile

## exception

String: failed to connect to http://127.0.0.1:53570/3T57-BHph-A=/

```
```

## flutter doctor

```
[32m[✓][39m Flutter (Channel stable, 3.19.5, on macOS 14.4 23E214 darwin-arm64, locale en-MN)
    [32m•[39m Flutter version 3.19.5 on channel stable at /Users/unurjargal/Downloads/flutter
    [32m•[39m Upstream repository https://github.com/flutter/flutter.git
    [32m•[39m Framework revision 300451adae (5 weeks ago), 2024-03-27 21:54:07 -0500
    [32m•[39m Engine revision e76c956498
    [32m•[39m Dart version 3.3.3
    [32m•[39m DevTools version 2.31.1

[32m[✓][39m Android toolchain - develop for Android devices (Android SDK version 32.0.0)
    [32m•[39m Android SDK at /Users/unurjargal/Library/Android/sdk
    [32m•[39m Platform android-34, build-tools 32.0.0
    [32m•[39m Java binary at: /Applications/Android Studio.app/Contents/jbr/Contents/Home/bin/java
    [32m•[39m Java version OpenJDK Runtime Environment (build 17.0.6+0-17.0.6b802.4-9586694)
    [32m•[39m All Android licenses accepted.

[32m[✓][39m Xcode - develop for iOS and macOS (Xcode 15.3)
    [32m•[39m Xcode at /Applications/Xcode.app/Contents/Developer
    [32m•[39m Build 15E204a
    [32m•[39m CocoaPods version 1.15.2

[32m[✓][39m Chrome - develop for the web
    [32m•[39m Chrome at /Applications/Google Chrome.app/Contents/MacOS/Google Chrome

[32m[✓][39m Android Studio (version 2022.2)
    [32m•[39m Android Studio at /Applications/Android Studio.app/Contents
    [32m•[39m Flutter plugin can be installed from:
      🔨 https://plugins.jetbrains.com/plugin/9212-flutter
    [32m•[39m Dart plugin can be installed from:
      🔨 https://plugins.jetbrains.com/plugin/6351-dart
    [32m•[39m Java version OpenJDK Runtime Environment (build 17.0.6+0-17.0.6b802.4-9586694)

[32m[✓][39m VS Code (version 1.70.2)
    [32m•[39m VS Code at /Users/unurjargal/Downloads/Visual Studio Code-4.app/Contents
    [32m•[39m Flutter extension version 3.60.0

[32m[✓][39m Connected device (4 available)
    [32m•[39m Ubuntu Erka (mobile)       • 24343430491de828c29076650f26d1ff4c62d409 • ios            • iOS 16.7.7 20H330
    [32m•[39m iPhone 15 Pro Max (mobile) • 0B7FE163-98ED-40D0-A46E-368EDE963FF9     • ios            •
      com.apple.CoreSimulator.SimRuntime.iOS-17-4 (simulator)
    [32m•[39m macOS (desktop)            • macos                                    • darwin-arm64   • macOS 14.4 23E214 darwin-arm64
    [32m•[39m Chrome (web)               • chrome                                   • web-javascript • Google Chrome 124.0.6367.91
    [33m![39m Error: Browsing on the local area network for iPhone. Ensure the device is unlocked and attached with a cable or associated with
      the same local area network as this Mac.
      The device must be opted into Developer Mode to connect wirelessly. (code -27)

[32m[✓][39m Network resources
    [32m•[39m All expected network resources are available.

[32m•[39m No issues found!
```
